android/app/build/intermediates/manifest_merge_blame_file/debug/manifest-merger-blame-debug-report.txt
1<?xml version="1.0" encoding="utf-8"?>
2<manifest xmlns:android="http://schemas.android.com/apk/res/android"
3    package="com.example.ecommerce_v2"
4    android:versionCode="1"
5    android:versionName="1.0.0" >
6
7    <uses-sdk
8        android:minSdkVersion="21"
9        android:targetSdkVersion="34" />
10    <!--
11         The INTERNET permission is required for development. Specifically,
12         the Flutter tool needs it to communicate with the running application
13         to allow setting breakpoints, to provide hot reload, etc.
14    -->
15    <uses-permission android:name="android.permission.INTERNET" />
15-->src\main\AndroidManifest.xml:2:5-67
15-->src\main\AndroidManifest.xml:2:22-64
16    <!--
17     Required to query activities that can process text, see:
18         https://developer.android.com/training/package-visibility and
19         https://developer.android.com/reference/android/content/Intent#ACTION_PROCESS_TEXT.
20
21         In particular, this is used by the Flutter engine in io.flutter.plugin.text.ProcessTextPlugin.
22    -->
23    <queries>
23-->src\main\AndroidManifest.xml:42:5-47:15
24        <intent>
24-->src\main\AndroidManifest.xml:43:9-46:18
25            <action android:name="android.intent.action.PROCESS_TEXT" />
25-->src\main\AndroidManifest.xml:44:13-72
25-->src\main\AndroidManifest.xml:44:21-70
26
27            <data android:mimeType="text/plain" />
27-->src\main\AndroidManifest.xml:45:13-50
27-->src\main\AndroidManifest.xml:45:19-48
28        </intent>
29    </queries>
30
31    <permission
31-->[androidx.core:core:1.13.1] AndroidManifest.xml:22:5-24:47
32        android:name="com.example.ecommerce_v2.DYNAMIC_RECEIVER_NOT_EXPORTED_PERMISSION"
32-->[androidx.core:core:1.13.1] AndroidManifest.xml:23:9-81
33        android:protectionLevel="signature" />
33-->[androidx.core:core:1.13.1] AndroidManifest.xml:24:9-44
34
35    <uses-permission android:name="com.example.ecommerce_v2.DYNAMIC_RECEIVER_NOT_EXPORTED_PERMISSION" />
35-->[androidx.core:core:1.13.1] AndroidManifest.xml:26:5-97
35-->[androidx.core:core:1.13.1] AndroidManifest.xml:26:22-94
36
37    <application
38        android:name="android.app.Application"
39        android:appComponentFactory="androidx.core.app.CoreComponentFactory"
39-->[androidx.core:core:1.13.1] AndroidManifest.xml:28:18-86
40        android:debuggable="true"
41        android:icon="@mipmap/ic_launcher"
42        android:label="ecommerce_v2"
43        android:usesCleartextTraffic="true" >
44        <activity
45            android:name="com.example.ecommerce_v2.MainActivity"
46            android:configChanges="orientation|keyboardHidden|keyboard|screenSize|smallestScreenSize|locale|layoutDirection|fontScale|screenLayout|density|uiMode"
47            android:exported="true"
48            android:hardwareAccelerated="true"
49            android:launchMode="singleTop"
50            android:taskAffinity=""
51            android:theme="@style/LaunchTheme"
52            android:windowSoftInputMode="adjustResize" >
53
54            <!--
55                 Specifies an Android theme to apply to this Activity as soon as
56                 the Android process has started. This theme is visible to the user
57                 while the Flutter UI initializes. After that, this theme continues
58                 to determine the Window background behind the Flutter UI.
59            -->
60            <meta-data
61                android:name="io.flutter.embedding.android.NormalTheme"
62                android:resource="@style/NormalTheme" />
63
64            <intent-filter>
65                <action android:name="android.intent.action.MAIN" />
66
67                <category android:name="android.intent.category.LAUNCHER" />
68            </intent-filter>
69        </activity>
70        <!--
71             Don't delete the meta-data below.
72             This is used by the Flutter tool to generate GeneratedPluginRegistrant.java
73        -->
74        <meta-data
75            android:name="flutterEmbedding"
76            android:value="2" />
77
78        <provider
78-->[:image_picker_android] AndroidManifest.xml:11:9-19:20
79            android:name="io.flutter.plugins.imagepicker.ImagePickerFileProvider"
79-->[:image_picker_android] AndroidManifest.xml:12:13-82
80            android:authorities="com.example.ecommerce_v2.flutter.image_provider"
80-->[:image_picker_android] AndroidManifest.xml:13:13-74
81            android:exported="false"
81-->[:image_picker_android] AndroidManifest.xml:14:13-37
82            android:grantUriPermissions="true" >
82-->[:image_picker_android] AndroidManifest.xml:15:13-47
83            <meta-data
83-->[:image_picker_android] AndroidManifest.xml:16:13-18:75
84                android:name="android.support.FILE_PROVIDER_PATHS"
84-->[:image_picker_android] AndroidManifest.xml:17:17-67
85                android:resource="@xml/flutter_image_picker_file_paths" />
85-->[:image_picker_android] AndroidManifest.xml:18:17-72
86        </provider> <!-- Trigger Google Play services to install the backported photo picker module. -->
87        <service
87-->[:image_picker_android] AndroidManifest.xml:21:9-33:19
88            android:name="com.google.android.gms.metadata.ModuleDependencies"
88-->[:image_picker_android] AndroidManifest.xml:22:13-78
89            android:enabled="false"
89-->[:image_picker_android] AndroidManifest.xml:23:13-36
90            android:exported="false" >
90-->[:image_picker_android] AndroidManifest.xml:24:13-37
91            <intent-filter>
91-->[:image_picker_android] AndroidManifest.xml:26:13-28:29
92                <action android:name="com.google.android.gms.metadata.MODULE_DEPENDENCIES" />
92-->[:image_picker_android] AndroidManifest.xml:27:17-94
92-->[:image_picker_android] AndroidManifest.xml:27:25-91
93            </intent-filter>
94
95            <meta-data
95-->[:image_picker_android] AndroidManifest.xml:30:13-32:36
96                android:name="photopicker_activity:0:required"
96-->[:image_picker_android] AndroidManifest.xml:31:17-63
97                android:value="" />
97-->[:image_picker_android] AndroidManifest.xml:32:17-33
98        </service>
99        <service
99-->[:geolocator_android] AndroidManifest.xml:10:9-14:56
100            android:name="com.baseflow.geolocator.GeolocatorLocationService"
100-->[:geolocator_android] AndroidManifest.xml:11:13-77
101            android:enabled="true"
101-->[:geolocator_android] AndroidManifest.xml:12:13-35
102            android:exported="false"
102-->[:geolocator_android] AndroidManifest.xml:13:13-37
103            android:foregroundServiceType="location" />
103-->[:geolocator_android] AndroidManifest.xml:14:13-53
104
105        <activity
105-->[com.google.android.gms:play-services-base:18.3.0] AndroidManifest.xml:20:9-22:45
106            android:name="com.google.android.gms.common.api.GoogleApiActivity"
106-->[com.google.android.gms:play-services-base:18.3.0] AndroidManifest.xml:20:19-85
107            android:exported="false"
107-->[com.google.android.gms:play-services-base:18.3.0] AndroidManifest.xml:22:19-43
108            android:theme="@android:style/Theme.Translucent.NoTitleBar" />
108-->[com.google.android.gms:play-services-base:18.3.0] AndroidManifest.xml:21:19-78
109
110        <meta-data
110-->[com.google.android.gms:play-services-basement:18.3.0] AndroidManifest.xml:21:9-23:69
111            android:name="com.google.android.gms.version"
111-->[com.google.android.gms:play-services-basement:18.3.0] AndroidManifest.xml:22:13-58
112            android:value="@integer/google_play_services_version" />
112-->[com.google.android.gms:play-services-basement:18.3.0] AndroidManifest.xml:23:13-66
113
114        <uses-library
114-->[androidx.window:window:1.2.0] AndroidManifest.xml:23:9-25:40
115            android:name="androidx.window.extensions"
115-->[androidx.window:window:1.2.0] AndroidManifest.xml:24:13-54
116            android:required="false" />
116-->[androidx.window:window:1.2.0] AndroidManifest.xml:25:13-37
117        <uses-library
117-->[androidx.window:window:1.2.0] AndroidManifest.xml:26:9-28:40
118            android:name="androidx.window.sidecar"
118-->[androidx.window:window:1.2.0] AndroidManifest.xml:27:13-51
119            android:required="false" />
119-->[androidx.window:window:1.2.0] AndroidManifest.xml:28:13-37
120
121        <provider
121-->[androidx.lifecycle:lifecycle-process:2.7.0] AndroidManifest.xml:24:9-32:20
122            android:name="androidx.startup.InitializationProvider"
122-->[androidx.lifecycle:lifecycle-process:2.7.0] AndroidManifest.xml:25:13-67
123            android:authorities="com.example.ecommerce_v2.androidx-startup"
123-->[androidx.lifecycle:lifecycle-process:2.7.0] AndroidManifest.xml:26:13-68
124            android:exported="false" >
124-->[androidx.lifecycle:lifecycle-process:2.7.0] AndroidManifest.xml:27:13-37
125            <meta-data
125-->[androidx.lifecycle:lifecycle-process:2.7.0] AndroidManifest.xml:29:13-31:52
126                android:name="androidx.lifecycle.ProcessLifecycleInitializer"
126-->[androidx.lifecycle:lifecycle-process:2.7.0] AndroidManifest.xml:30:17-78
127                android:value="androidx.startup" />
127-->[androidx.lifecycle:lifecycle-process:2.7.0] AndroidManifest.xml:31:17-49
128            <meta-data
128-->[androidx.profileinstaller:profileinstaller:1.3.1] AndroidManifest.xml:29:13-31:52
129                android:name="androidx.profileinstaller.ProfileInstallerInitializer"
129-->[androidx.profileinstaller:profileinstaller:1.3.1] AndroidManifest.xml:30:17-85
130                android:value="androidx.startup" />
130-->[androidx.profileinstaller:profileinstaller:1.3.1] AndroidManifest.xml:31:17-49
131        </provider>
132
133        <receiver
133-->[androidx.profileinstaller:profileinstaller:1.3.1] AndroidManifest.xml:34:9-52:20
134            android:name="androidx.profileinstaller.ProfileInstallReceiver"
134-->[androidx.profileinstaller:profileinstaller:1.3.1] AndroidManifest.xml:35:13-76
135            android:directBootAware="false"
135-->[androidx.profileinstaller:profileinstaller:1.3.1] AndroidManifest.xml:36:13-44
136            android:enabled="true"
136-->[androidx.profileinstaller:profileinstaller:1.3.1] AndroidManifest.xml:37:13-35
137            android:exported="true"
137-->[androidx.profileinstaller:profileinstaller:1.3.1] AndroidManifest.xml:38:13-36
138            android:permission="android.permission.DUMP" >
138-->[androidx.profileinstaller:profileinstaller:1.3.1] AndroidManifest.xml:39:13-57
139            <intent-filter>
139-->[androidx.profileinstaller:profileinstaller:1.3.1] AndroidManifest.xml:40:13-42:29
140                <action android:name="androidx.profileinstaller.action.INSTALL_PROFILE" />
140-->[androidx.profileinstaller:profileinstaller:1.3.1] AndroidManifest.xml:41:17-91
140-->[androidx.profileinstaller:profileinstaller:1.3.1] AndroidManifest.xml:41:25-88
141            </intent-filter>
142            <intent-filter>
142-->[androidx.profileinstaller:profileinstaller:1.3.1] AndroidManifest.xml:43:13-45:29
143                <action android:name="androidx.profileinstaller.action.SKIP_FILE" />
143-->[androidx.profileinstaller:profileinstaller:1.3.1] AndroidManifest.xml:44:17-85
143-->[androidx.profileinstaller:profileinstaller:1.3.1] AndroidManifest.xml:44:25-82
144            </intent-filter>
145            <intent-filter>
145-->[androidx.profileinstaller:profileinstaller:1.3.1] AndroidManifest.xml:46:13-48:29
146                <action android:name="androidx.profileinstaller.action.SAVE_PROFILE" />
146-->[androidx.profileinstaller:profileinstaller:1.3.1] AndroidManifest.xml:47:17-88
146-->[androidx.profileinstaller:profileinstaller:1.3.1] AndroidManifest.xml:47:25-85
147            </intent-filter>
148            <intent-filter>
148-->[androidx.profileinstaller:profileinstaller:1.3.1] AndroidManifest.xml:49:13-51:29
149                <action android:name="androidx.profileinstaller.action.BENCHMARK_OPERATION" />
149-->[androidx.profileinstaller:profileinstaller:1.3.1] AndroidManifest.xml:50:17-95
149-->[androidx.profileinstaller:profileinstaller:1.3.1] AndroidManifest.xml:50:25-92
150            </intent-filter>
151        </receiver>
152    </application>
153
154</manifest>